{
  "RSpec": {
    "coverage": {
      "/Users/hamisharro/Projects/Makers/Week_3/Getting_to_know_Sinatra/Battle/spec/features/attack_player_spec.rb": {
        "lines": [
          1,
          null,
          1,
          null,
          1,
          1,
          1,
          1,
          null,
          null,
          null
        ]
      },
      "/Users/hamisharro/Projects/Makers/Week_3/Getting_to_know_Sinatra/Battle/spec/features/web_helpers.rb": {
        "lines": [
          1,
          null,
          1,
          3,
          3,
          3,
          3,
          null
        ]
      },
      "/Users/hamisharro/Projects/Makers/Week_3/Getting_to_know_Sinatra/Battle/spec/features/enter_names_spec.rb": {
        "lines": [
          1,
          null,
          1,
          null,
          1,
          null,
          1,
          1,
          null,
          null
        ]
      },
      "/Users/hamisharro/Projects/Makers/Week_3/Getting_to_know_Sinatra/Battle/spec/features/hit_points_spec.rb": {
        "lines": [
          1,
          null,
          1,
          null,
          1,
          1,
          1,
          null,
          null,
          null
        ]
      }
    },
    "timestamp": 1611240854
  }
}
